[maraviyainfotech.com/wrapbootstrap/masterkart-html/masterkart-html/index.html]
[backblue.gif]
[fade.gif]
[index.html]
[maraviyainfotech.com/wrapbootstrap/masterkart-html/masterkart-html/assets/img/favicon/favicon.png]
[maraviyainfotech.com/wrapbootstrap/masterkart-html/masterkart-html/assets/css/vendor/msicons.min.css]
[maraviyainfotech.com/wrapbootstrap/masterkart-html/masterkart-html/assets/css/plugins/animate.css]
[maraviyainfotech.com/wrapbootstrap/masterkart-html/masterkart-html/assets/css/plugins/swiper-bundle.min.css]
[maraviyainfotech.com/wrapbootstrap/masterkart-html/masterkart-html/assets/css/plugins/bootstrap.css]
[maraviyainfotech.com/wrapbootstrap/masterkart-html/masterkart-html/assets/css/plugins/bootstrap-select.min.css]
[maraviyainfotech.com/wrapbootstrap/masterkart-html/masterkart-html/assets/css/plugins/owl.carousel.min.css]
[maraviyainfotech.com/wrapbootstrap/masterkart-html/masterkart-html/assets/css/plugins/owl.theme.default.min.css]
[maraviyainfotech.com/wrapbootstrap/masterkart-html/masterkart-html/assets/css/plugins/slick.min.css]
[maraviyainfotech.com/wrapbootstrap/masterkart-html/masterkart-html/assets/css/plugins/nouislider.css]
[maraviyainfotech.com/wrapbootstrap/masterkart-html/masterkart-html/assets/css/demo-1.css]
[maraviyainfotech.com/wrapbootstrap/masterkart-html/masterkart-html/assets/css/responsive.css]
[maraviyainfotech.com/wrapbootstrap/masterkart-html/masterkart-html/faq.html]
[maraviyainfotech.com/wrapbootstrap/masterkart-html/masterkart-html/track-order.html]
[maraviyainfotech.com/wrapbootstrap/masterkart-html/masterkart-html/assets/img/icons/category-icon.svg]
[maraviyainfotech.com/wrapbootstrap/masterkart-html/masterkart-html/login.html]
[maraviyainfotech.com/wrapbootstrap/masterkart-html/masterkart-html/assets/img/icons/user.svg]
[maraviyainfotech.com/wrapbootstrap/masterkart-html/masterkart-html/assets/img/icons/wishlist.svg]
[maraviyainfotech.com/wrapbootstrap/masterkart-html/masterkart-html/assets/img/icons/pro_cart.svg]
[maraviyainfotech.com/wrapbootstrap/masterkart-html/masterkart-html/assets/img/logo/logo.png]
[maraviyainfotech.com/wrapbootstrap/masterkart-html/masterkart-html/assets/img/icons/search.svg]
[maraviyainfotech.com/wrapbootstrap/masterkart-html/masterkart-html/register.html]
[maraviyainfotech.com/wrapbootstrap/masterkart-html/masterkart-html/checkout.html]
[maraviyainfotech.com/wrapbootstrap/masterkart-html/masterkart-html/assets/img/icons/cart_5.svg]
[maraviyainfotech.com/wrapbootstrap/masterkart-html/masterkart-html/shop-left-sidebar-col-3.html]
[maraviyainfotech.com/wrapbootstrap/masterkart-html/masterkart-html/shop-left-sidebar-col-4.html]
[maraviyainfotech.com/wrapbootstrap/masterkart-html/masterkart-html/shop-right-sidebar-col-3.html]
[maraviyainfotech.com/wrapbootstrap/masterkart-html/masterkart-html/shop-right-sidebar-col-4.html]
[maraviyainfotech.com/wrapbootstrap/masterkart-html/masterkart-html/shop-full-width.html]
[maraviyainfotech.com/wrapbootstrap/masterkart-html/masterkart-html/shop-banner-left-sidebar-col-3.html]
[maraviyainfotech.com/wrapbootstrap/masterkart-html/masterkart-html/shop-banner-left-sidebar-col-4.html]
[maraviyainfotech.com/wrapbootstrap/masterkart-html/masterkart-html/shop-banner-right-sidebar-col-3.html]
[maraviyainfotech.com/wrapbootstrap/masterkart-html/masterkart-html/shop-banner-right-sidebar-col-4.html]
[maraviyainfotech.com/wrapbootstrap/masterkart-html/masterkart-html/shop-banner-full-width.html]
[maraviyainfotech.com/wrapbootstrap/masterkart-html/masterkart-html/shop-full-width-col-3.html]
[maraviyainfotech.com/wrapbootstrap/masterkart-html/masterkart-html/shop-full-width-col-4.html]
[maraviyainfotech.com/wrapbootstrap/masterkart-html/masterkart-html/shop-full-width-col-5.html]
[maraviyainfotech.com/wrapbootstrap/masterkart-html/masterkart-html/shop-full-width-col-6.html]
[maraviyainfotech.com/wrapbootstrap/masterkart-html/masterkart-html/shop-banner-full-width-col-3.html]
[maraviyainfotech.com/wrapbootstrap/masterkart-html/masterkart-html/shop-list-left-sidebar.html]
[maraviyainfotech.com/wrapbootstrap/masterkart-html/masterkart-html/shop-list-right-sidebar.html]
[maraviyainfotech.com/wrapbootstrap/masterkart-html/masterkart-html/shop-list-banner-left-sidebar.html]
[maraviyainfotech.com/wrapbootstrap/masterkart-html/masterkart-html/shop-list-banner-right-sidebar.html]
[maraviyainfotech.com/wrapbootstrap/masterkart-html/masterkart-html/shop-list-full-col-2.html]
[maraviyainfotech.com/wrapbootstrap/masterkart-html/masterkart-html/product-left-sidebar.html]
[maraviyainfotech.com/wrapbootstrap/masterkart-html/masterkart-html/product-right-sidebar.html]
[maraviyainfotech.com/wrapbootstrap/masterkart-html/masterkart-html/product-full-width.html]
[maraviyainfotech.com/wrapbootstrap/masterkart-html/masterkart-html/blog-left-sidebar.html]
[maraviyainfotech.com/wrapbootstrap/masterkart-html/masterkart-html/blog-right-sidebar.html]
[maraviyainfotech.com/wrapbootstrap/masterkart-html/masterkart-html/blog-full-width.html]
[maraviyainfotech.com/wrapbootstrap/masterkart-html/masterkart-html/blog-detail-left-sidebar.html]
[maraviyainfotech.com/wrapbootstrap/masterkart-html/masterkart-html/blog-detail-right-sidebar.html]
[maraviyainfotech.com/wrapbootstrap/masterkart-html/masterkart-html/blog-detail-full-width.html]
[maraviyainfotech.com/wrapbootstrap/masterkart-html/masterkart-html/about-us.html]
[maraviyainfotech.com/wrapbootstrap/masterkart-html/masterkart-html/contact-us.html]
[maraviyainfotech.com/wrapbootstrap/masterkart-html/masterkart-html/cart.html]
[maraviyainfotech.com/wrapbootstrap/masterkart-html/masterkart-html/compare.html]
[maraviyainfotech.com/wrapbootstrap/masterkart-html/masterkart-html/terms-condition.html]
[maraviyainfotech.com/wrapbootstrap/masterkart-html/masterkart-html/privacy-policy.html]
[maraviyainfotech.com/wrapbootstrap/masterkart-html/masterkart-html/discover.html]
[maraviyainfotech.com/wrapbootstrap/masterkart-html/masterkart-html/assets/img/icons/discover.svg]
[maraviyainfotech.com/wrapbootstrap/masterkart-html/masterkart-html/assets/img/icons/location.svg]
[maraviyainfotech.com/wrapbootstrap/masterkart-html/masterkart-html/assets/img/icons/menu.svg]
[maraviyainfotech.com/wrapbootstrap/masterkart-html/masterkart-html/assets/img/icons/dress-8.svg]
[maraviyainfotech.com/wrapbootstrap/masterkart-html/masterkart-html/assets/img/icons/shoes-8.svg]
[maraviyainfotech.com/wrapbootstrap/masterkart-html/masterkart-html/assets/img/icons/jewelry-8.svg]
[maraviyainfotech.com/wrapbootstrap/masterkart-html/masterkart-html/assets/img/icons/perfume-8.svg]
[maraviyainfotech.com/wrapbootstrap/masterkart-html/masterkart-html/assets/img/icons/cosmetics-8.svg]
[maraviyainfotech.com/wrapbootstrap/masterkart-html/masterkart-html/assets/img/icons/glasses-8.svg]
[maraviyainfotech.com/wrapbootstrap/masterkart-html/masterkart-html/assets/img/icons/bag-8.svg]
[maraviyainfotech.com/wrapbootstrap/masterkart-html/masterkart-html/assets/img/icons/close.svg]
[maraviyainfotech.com/wrapbootstrap/masterkart-html/masterkart-html/assets/img/product-images/25_1.jpg]
[maraviyainfotech.com/wrapbootstrap/masterkart-html/masterkart-html/assets/img/product-images/17_1.jpg]
[maraviyainfotech.com/wrapbootstrap/masterkart-html/masterkart-html/assets/img/product-images/2_1.jpg]
[maraviyainfotech.com/wrapbootstrap/masterkart-html/masterkart-html/assets/img/product-images/18_1.jpg]
[maraviyainfotech.com/wrapbootstrap/masterkart-html/masterkart-html/assets/img/product-images/20_1.jpg]
[maraviyainfotech.com/wrapbootstrap/masterkart-html/masterkart-html/assets/img/product-images/31_1.jpg]
[maraviyainfotech.com/wrapbootstrap/masterkart-html/masterkart-html/assets/img/product-images/23_1.jpg]
[maraviyainfotech.com/wrapbootstrap/masterkart-html/masterkart-html/assets/img/icons/cat-1.svg]
[maraviyainfotech.com/wrapbootstrap/masterkart-html/masterkart-html/assets/img/icons/cat-2.svg]
[maraviyainfotech.com/wrapbootstrap/masterkart-html/masterkart-html/assets/img/icons/cat-3.svg]
[maraviyainfotech.com/wrapbootstrap/masterkart-html/masterkart-html/assets/img/icons/cat-4.svg]
[maraviyainfotech.com/wrapbootstrap/masterkart-html/masterkart-html/assets/img/icons/cat-5.svg]
[maraviyainfotech.com/wrapbootstrap/masterkart-html/masterkart-html/assets/img/icons/cat-6.svg]
[maraviyainfotech.com/wrapbootstrap/masterkart-html/masterkart-html/assets/img/icons/cat-7.svg]
[maraviyainfotech.com/wrapbootstrap/masterkart-html/masterkart-html/assets/img/icons/cat-8.svg]
[maraviyainfotech.com/wrapbootstrap/masterkart-html/masterkart-html/assets/img/icons/cat-9.svg]
[maraviyainfotech.com/wrapbootstrap/masterkart-html/masterkart-html/assets/img/product-images/7_1.jpg]
[maraviyainfotech.com/wrapbootstrap/masterkart-html/masterkart-html/assets/img/product-images/7_2.jpg]
[maraviyainfotech.com/wrapbootstrap/masterkart-html/masterkart-html/assets/img/icons/pro_wishlist.svg]
[maraviyainfotech.com/wrapbootstrap/masterkart-html/masterkart-html/assets/img/icons/quickview.svg]
[maraviyainfotech.com/wrapbootstrap/masterkart-html/masterkart-html/assets/img/icons/compare.svg]
[maraviyainfotech.com/wrapbootstrap/masterkart-html/masterkart-html/assets/img/product-images/8_1.jpg]
[maraviyainfotech.com/wrapbootstrap/masterkart-html/masterkart-html/assets/img/product-images/8_2.jpg]
[maraviyainfotech.com/wrapbootstrap/masterkart-html/masterkart-html/assets/img/product-images/2_2.jpg]
[maraviyainfotech.com/wrapbootstrap/masterkart-html/masterkart-html/assets/img/product-images/4_1.jpg]
[maraviyainfotech.com/wrapbootstrap/masterkart-html/masterkart-html/assets/img/product-images/4_2.jpg]
[maraviyainfotech.com/wrapbootstrap/masterkart-html/masterkart-html/assets/img/product-images/28_1.jpg]
[maraviyainfotech.com/wrapbootstrap/masterkart-html/masterkart-html/assets/img/product-images/19_1.jpg]
[maraviyainfotech.com/wrapbootstrap/masterkart-html/masterkart-html/assets/img/product-images/5_1.jpg]
[maraviyainfotech.com/wrapbootstrap/masterkart-html/masterkart-html/assets/img/product-images/5_2.jpg]
[maraviyainfotech.com/wrapbootstrap/masterkart-html/masterkart-html/assets/img/product-images/1_1.jpg]
[maraviyainfotech.com/wrapbootstrap/masterkart-html/masterkart-html/assets/img/product-images/1_2.jpg]
[maraviyainfotech.com/wrapbootstrap/masterkart-html/masterkart-html/assets/img/product-images/3_1.jpg]
[maraviyainfotech.com/wrapbootstrap/masterkart-html/masterkart-html/assets/img/product-images/3_2.jpg]
[maraviyainfotech.com/wrapbootstrap/masterkart-html/masterkart-html/assets/img/product-images/6_1.jpg]
[maraviyainfotech.com/wrapbootstrap/masterkart-html/masterkart-html/assets/img/product-images/6_2.jpg]
[maraviyainfotech.com/wrapbootstrap/masterkart-html/masterkart-html/assets/img/product-images/9_1.jpg]
[maraviyainfotech.com/wrapbootstrap/masterkart-html/masterkart-html/assets/img/product-images/9_2.jpg]
[maraviyainfotech.com/wrapbootstrap/masterkart-html/masterkart-html/assets/img/product-images/10_1.jpg]
[maraviyainfotech.com/wrapbootstrap/masterkart-html/masterkart-html/assets/img/product-images/10_2.jpg]
[maraviyainfotech.com/wrapbootstrap/masterkart-html/masterkart-html/assets/img/product-images/21_1.jpg]
[maraviyainfotech.com/wrapbootstrap/masterkart-html/masterkart-html/assets/img/product-images/22_1.jpg]
[maraviyainfotech.com/wrapbootstrap/masterkart-html/masterkart-html/assets/img/product-images/24_1.jpg]
[maraviyainfotech.com/wrapbootstrap/masterkart-html/masterkart-html/assets/img/product-images/26_1.jpg]
[maraviyainfotech.com/wrapbootstrap/masterkart-html/masterkart-html/assets/img/product-images/27_1.jpg]
[maraviyainfotech.com/wrapbootstrap/masterkart-html/masterkart-html/assets/img/product-images/29_1.jpg]
[maraviyainfotech.com/wrapbootstrap/masterkart-html/masterkart-html/assets/img/product-images/30_1.jpg]
[maraviyainfotech.com/wrapbootstrap/masterkart-html/masterkart-html/assets/img/product-images/11_1.jpg]
[maraviyainfotech.com/wrapbootstrap/masterkart-html/masterkart-html/assets/img/product-images/12_1.jpg]
[maraviyainfotech.com/wrapbootstrap/masterkart-html/masterkart-html/assets/img/product-images/13_1.jpg]
[maraviyainfotech.com/wrapbootstrap/masterkart-html/masterkart-html/assets/img/product-images/14_1.jpg]
[maraviyainfotech.com/wrapbootstrap/masterkart-html/masterkart-html/assets/img/product-images/15_1.jpg]
[maraviyainfotech.com/wrapbootstrap/masterkart-html/masterkart-html/assets/img/product-images/16_1.jpg]
[maraviyainfotech.com/wrapbootstrap/masterkart-html/masterkart-html/assets/img/product-images/38_1.jpg]
[maraviyainfotech.com/wrapbootstrap/masterkart-html/masterkart-html/assets/img/product-images/37_1.jpg]
[maraviyainfotech.com/wrapbootstrap/masterkart-html/masterkart-html/assets/img/product-images/33_1.jpg]
[maraviyainfotech.com/wrapbootstrap/masterkart-html/masterkart-html/assets/img/banner/2.jpg]
[maraviyainfotech.com/wrapbootstrap/masterkart-html/masterkart-html/assets/img/banner/3.jpg]
[maraviyainfotech.com/wrapbootstrap/masterkart-html/masterkart-html/multi-vendor.html]
[maraviyainfotech.com/wrapbootstrap/masterkart-html/masterkart-html/assets/img/vendor/1.jpg]
[maraviyainfotech.com/wrapbootstrap/masterkart-html/masterkart-html/single-vendor.html]
[maraviyainfotech.com/wrapbootstrap/masterkart-html/masterkart-html/assets/img/vendor/2.jpg]
[maraviyainfotech.com/wrapbootstrap/masterkart-html/masterkart-html/assets/img/vendor/3.jpg]
[maraviyainfotech.com/wrapbootstrap/masterkart-html/masterkart-html/assets/img/product-images/32_1.jpg]
[maraviyainfotech.com/wrapbootstrap/masterkart-html/masterkart-html/assets/img/product-images/34_1.jpg]
[maraviyainfotech.com/wrapbootstrap/masterkart-html/masterkart-html/assets/img/product-images/35_1.jpg]
[maraviyainfotech.com/wrapbootstrap/masterkart-html/masterkart-html/assets/img/vendor/4.jpg]
[maraviyainfotech.com/wrapbootstrap/masterkart-html/masterkart-html/assets/img/product-images/36_1.jpg]
[maraviyainfotech.com/wrapbootstrap/masterkart-html/masterkart-html/assets/img/product-images/40_1.jpg]
[maraviyainfotech.com/wrapbootstrap/masterkart-html/masterkart-html/assets/img/vendor/5.jpg]
[maraviyainfotech.com/wrapbootstrap/masterkart-html/masterkart-html/assets/img/service/1.png]
[maraviyainfotech.com/wrapbootstrap/masterkart-html/masterkart-html/assets/img/service/2.png]
[maraviyainfotech.com/wrapbootstrap/masterkart-html/masterkart-html/assets/img/service/3.png]
[maraviyainfotech.com/wrapbootstrap/masterkart-html/masterkart-html/assets/img/service/4.png]
[maraviyainfotech.com/wrapbootstrap/masterkart-html/masterkart-html/assets/img/news/1.jpg]
[maraviyainfotech.com/wrapbootstrap/masterkart-html/masterkart-html/assets/img/news/2.jpg]
[maraviyainfotech.com/wrapbootstrap/masterkart-html/masterkart-html/assets/img/news/3.jpg]
[maraviyainfotech.com/wrapbootstrap/masterkart-html/masterkart-html/assets/img/news/4.jpg]
[maraviyainfotech.com/wrapbootstrap/masterkart-html/masterkart-html/assets/img/news/5.jpg]
[maraviyainfotech.com/wrapbootstrap/masterkart-html/masterkart-html/assets/img/news/6.jpg]
[maraviyainfotech.com/wrapbootstrap/masterkart-html/masterkart-html/assets/img/icons/send.svg]
[maraviyainfotech.com/wrapbootstrap/masterkart-html/masterkart-html/assets/img/instragram-image/1.jpg]
[maraviyainfotech.com/wrapbootstrap/masterkart-html/masterkart-html/assets/img/instragram-image/2.jpg]
[maraviyainfotech.com/wrapbootstrap/masterkart-html/masterkart-html/assets/img/instragram-image/3.jpg]
[maraviyainfotech.com/wrapbootstrap/masterkart-html/masterkart-html/assets/img/instragram-image/4.jpg]
[maraviyainfotech.com/wrapbootstrap/masterkart-html/masterkart-html/assets/img/instragram-image/5.jpg]
[maraviyainfotech.com/wrapbootstrap/masterkart-html/masterkart-html/assets/img/instragram-image/6.jpg]
[maraviyainfotech.com/wrapbootstrap/masterkart-html/masterkart-html/assets/img/instragram-image/7.jpg]
[maraviyainfotech.com/wrapbootstrap/masterkart-html/masterkart-html/assets/img/logo/footer-logo.png]
[maraviyainfotech.com/wrapbootstrap/masterkart-html/masterkart-html/assets/img/app/android.png]
[maraviyainfotech.com/wrapbootstrap/masterkart-html/masterkart-html/assets/img/app/apple.png]
[maraviyainfotech.com/wrapbootstrap/masterkart-html/masterkart-html/assets/img/icons/foo-location.svg]
[maraviyainfotech.com/wrapbootstrap/masterkart-html/masterkart-html/assets/img/icons/foo-wp.svg]
[maraviyainfotech.com/wrapbootstrap/masterkart-html/masterkart-html/assets/img/icons/foo-mail.svg]
[maraviyainfotech.com/wrapbootstrap/masterkart-html/masterkart-html/assets/img/hero-bg/payment.png]
[maraviyainfotech.com/wrapbootstrap/masterkart-html/masterkart-html/assets/img/bg/newsletter.png]
[maraviyainfotech.com/wrapbootstrap/masterkart-html/masterkart-html/assets/img/icons/setting.svg]
[maraviyainfotech.com/wrapbootstrap/masterkart-html/masterkart-html/assets/js/plugins/jquery-3.5.1.min.js]
[maraviyainfotech.com/wrapbootstrap/masterkart-html/masterkart-html/assets/js/plugins/popper.min.js]
[maraviyainfotech.com/wrapbootstrap/masterkart-html/masterkart-html/assets/js/plugins/bootstrap.bundle.min.js]
[maraviyainfotech.com/wrapbootstrap/masterkart-html/masterkart-html/assets/js/plugins/bootstrap-select.min.js]
[maraviyainfotech.com/wrapbootstrap/masterkart-html/masterkart-html/assets/js/plugins/swiper-bundle.min.js]
[maraviyainfotech.com/wrapbootstrap/masterkart-html/masterkart-html/assets/js/plugins/fontawesome.js]
[maraviyainfotech.com/wrapbootstrap/masterkart-html/masterkart-html/assets/js/plugins/owl.carousel.min.js]
[maraviyainfotech.com/wrapbootstrap/masterkart-html/masterkart-html/assets/js/plugins/countdownTimer.js]
[maraviyainfotech.com/wrapbootstrap/masterkart-html/masterkart-html/assets/js/plugins/infiniteslidev2.js]
[maraviyainfotech.com/wrapbootstrap/masterkart-html/masterkart-html/assets/js/plugins/jquery.zoom.min.js]
[maraviyainfotech.com/wrapbootstrap/masterkart-html/masterkart-html/assets/js/plugins/slick.min.js]
[maraviyainfotech.com/wrapbootstrap/masterkart-html/masterkart-html/assets/js/plugins/nouislider.js]
[maraviyainfotech.com/wrapbootstrap/masterkart-html/masterkart-html/assets/js/main.js]
[maraviyainfotech.com/wrapbootstrap/masterkart-html/masterkart-html/assets/js/demo-1.js]
[maraviyainfotech.com/wrapbootstrap/masterkart-html/masterkart-html/index.html]
[maraviyainfotech.com/wrapbootstrap/masterkart-html/masterkart-html/assets/fonts/ms-icons/msicons3e6e.eot]
[maraviyainfotech.com/wrapbootstrap/masterkart-html/masterkart-html/assets/fonts/msicons/msiconsd41d.eot]
[maraviyainfotech.com/wrapbootstrap/masterkart-html/masterkart-html/assets/fonts/msicons/msicons3e6e.woff2]
[maraviyainfotech.com/wrapbootstrap/masterkart-html/masterkart-html/assets/fonts/msicons/msicons3e6e.woff]
[maraviyainfotech.com/wrapbootstrap/masterkart-html/masterkart-html/assets/fonts/msicons/msicons3e6e.ttf]
[maraviyainfotech.com/wrapbootstrap/masterkart-html/masterkart-html/assets/css/vendor/msicons.min.css]
[maraviyainfotech.com/wrapbootstrap/masterkart-html/masterkart-html/assets/css/plugins/animate.css]
[maraviyainfotech.com/wrapbootstrap/masterkart-html/masterkart-html/assets/css/plugins/swiper-bundle.min.css]
[maraviyainfotech.com/wrapbootstrap/masterkart-html/masterkart-html/assets/css/plugins/bootstrap.css]
[maraviyainfotech.com/wrapbootstrap/masterkart-html/masterkart-html/assets/css/plugins/bootstrap-select.min.css]
[maraviyainfotech.com/wrapbootstrap/masterkart-html/masterkart-html/assets/fonts/msicons/msicons3e6e.svg]
[maraviyainfotech.com/wrapbootstrap/masterkart-html/masterkart-html/assets/css/plugins/owl.video.play.png]
[maraviyainfotech.com/wrapbootstrap/masterkart-html/masterkart-html/assets/css/plugins/owl.carousel.min.css]
[maraviyainfotech.com/wrapbootstrap/masterkart-html/masterkart-html/assets/css/plugins/owl.theme.default.min.css]
[maraviyainfotech.com/wrapbootstrap/masterkart-html/masterkart-html/assets/css/plugins/slick.min.css]
[maraviyainfotech.com/wrapbootstrap/masterkart-html/masterkart-html/assets/css/plugins/nouislider.css]
[maraviyainfotech.com/wrapbootstrap/masterkart-html/masterkart-html/assets/fonts/quicksand/Quicksand-Light.ttf]
[maraviyainfotech.com/wrapbootstrap/masterkart-html/masterkart-html/assets/fonts/quicksand/Quicksand-Regular.ttf]
[maraviyainfotech.com/wrapbootstrap/masterkart-html/masterkart-html/assets/fonts/quicksand/Quicksand-Medium.ttf]
[maraviyainfotech.com/wrapbootstrap/masterkart-html/masterkart-html/assets/fonts/quicksand/Quicksand-SemiBold.ttf]
[maraviyainfotech.com/wrapbootstrap/masterkart-html/masterkart-html/assets/fonts/quicksand/Quicksand-Bold.ttf]
[maraviyainfotech.com/wrapbootstrap/masterkart-html/masterkart-html/assets/fonts/poppins/Poppins-Thin.ttf]
[maraviyainfotech.com/wrapbootstrap/masterkart-html/masterkart-html/assets/fonts/poppins/Poppins-ExtraLight.ttf]
[maraviyainfotech.com/wrapbootstrap/masterkart-html/masterkart-html/assets/fonts/poppins/Poppins-Light.ttf]
[maraviyainfotech.com/wrapbootstrap/masterkart-html/masterkart-html/assets/fonts/poppins/Poppins-Regular.ttf]
[maraviyainfotech.com/wrapbootstrap/masterkart-html/masterkart-html/assets/fonts/poppins/Poppins-Medium.ttf]
[maraviyainfotech.com/wrapbootstrap/masterkart-html/masterkart-html/assets/fonts/poppins/Poppins-SemiBold.ttf]
[maraviyainfotech.com/wrapbootstrap/masterkart-html/masterkart-html/assets/fonts/poppins/Poppins-Bold.ttf]
[maraviyainfotech.com/wrapbootstrap/masterkart-html/masterkart-html/assets/fonts/poppins/Poppins-ExtraBold.ttf]
[maraviyainfotech.com/wrapbootstrap/masterkart-html/masterkart-html/assets/fonts/poppins/Poppins-Black.ttf]
[maraviyainfotech.com/wrapbootstrap/masterkart-html/masterkart-html/assets/img/icons/close-1.svg]
[maraviyainfotech.com/wrapbootstrap/masterkart-html/masterkart-html/assets/images/common/pro-loader.gif]
[maraviyainfotech.com/wrapbootstrap/masterkart-html/masterkart-html/assets/img/common/arrow-dropdown.png]
[maraviyainfotech.com/wrapbootstrap/masterkart-html/masterkart-html/assets/img/hero-bg/4.jpg]
[maraviyainfotech.com/wrapbootstrap/masterkart-html/masterkart-html/assets/img/hero-bg/5.jpg]
[maraviyainfotech.com/wrapbootstrap/masterkart-html/masterkart-html/assets/img/hero-bg/6.jpg]
[maraviyainfotech.com/wrapbootstrap/masterkart-html/masterkart-html/assets/img/hero-bg/7.jpg]
[maraviyainfotech.com/wrapbootstrap/masterkart-html/masterkart-html/assets/img/hero-bg/8.jpg]
[maraviyainfotech.com/wrapbootstrap/masterkart-html/masterkart-html/assets/img/banner/1.jpg]
[maraviyainfotech.com/wrapbootstrap/masterkart-html/masterkart-html/assets/img/bg/news.jpg]
[maraviyainfotech.com/wrapbootstrap/masterkart-html/masterkart-html/assets/img/banner/4.png]
[maraviyainfotech.com/wrapbootstrap/masterkart-html/masterkart-html/assets/css/demo-1.css]
[maraviyainfotech.com/wrapbootstrap/masterkart-html/masterkart-html/assets/css/responsive.css]
[maraviyainfotech.com/wrapbootstrap/masterkart-html/masterkart-html/assets/css/style.css]
[maraviyainfotech.com/wrapbootstrap/masterkart-html/masterkart-html/faq.html]
[maraviyainfotech.com/wrapbootstrap/masterkart-html/masterkart-html/assets/img/icons/track-1.svg]
[maraviyainfotech.com/wrapbootstrap/masterkart-html/masterkart-html/assets/img/icons/track-2.svg]
[maraviyainfotech.com/wrapbootstrap/masterkart-html/masterkart-html/assets/img/icons/track-3.svg]
[maraviyainfotech.com/wrapbootstrap/masterkart-html/masterkart-html/assets/img/icons/track-4.svg]
[maraviyainfotech.com/wrapbootstrap/masterkart-html/masterkart-html/assets/img/icons/track-5.svg]
[maraviyainfotech.com/wrapbootstrap/masterkart-html/masterkart-html/track-order.html]
[maraviyainfotech.com/wrapbootstrap/masterkart-html/masterkart-html/assets/img/icons/category-icon.svg]
[maraviyainfotech.com/wrapbootstrap/masterkart-html/masterkart-html/assets/img/common/login.png]
[maraviyainfotech.com/wrapbootstrap/masterkart-html/masterkart-html/login.html]
[maraviyainfotech.com/wrapbootstrap/masterkart-html/masterkart-html/assets/img/icons/user.svg]
[maraviyainfotech.com/wrapbootstrap/masterkart-html/masterkart-html/assets/img/icons/wishlist.svg]
[maraviyainfotech.com/wrapbootstrap/masterkart-html/masterkart-html/assets/img/icons/pro_cart.svg]
[maraviyainfotech.com/wrapbootstrap/masterkart-html/masterkart-html/assets/img/icons/search.svg]
[maraviyainfotech.com/wrapbootstrap/masterkart-html/masterkart-html/register.html]
[maraviyainfotech.com/wrapbootstrap/masterkart-html/masterkart-html/checkout.html]
[maraviyainfotech.com/wrapbootstrap/masterkart-html/masterkart-html/assets/img/icons/cart_5.svg]
[maraviyainfotech.com/wrapbootstrap/masterkart-html/masterkart-html/assets/img/icons/grid.svg]
[maraviyainfotech.com/wrapbootstrap/masterkart-html/masterkart-html/assets/img/icons/list.svg]
[maraviyainfotech.com/wrapbootstrap/masterkart-html/masterkart-html/shop-left-sidebar-col-3.html]
[maraviyainfotech.com/wrapbootstrap/masterkart-html/masterkart-html/shop-left-sidebar-col-4.html]
[maraviyainfotech.com/wrapbootstrap/masterkart-html/masterkart-html/shop-right-sidebar-col-3.html]
[maraviyainfotech.com/wrapbootstrap/masterkart-html/masterkart-html/shop-right-sidebar-col-4.html]
[maraviyainfotech.com/wrapbootstrap/masterkart-html/masterkart-html/assets/img/icons/filter.svg]
[maraviyainfotech.com/wrapbootstrap/masterkart-html/masterkart-html/shop-full-width.html]
[maraviyainfotech.com/wrapbootstrap/masterkart-html/masterkart-html/assets/img/banner/6.jpg]
[maraviyainfotech.com/wrapbootstrap/masterkart-html/masterkart-html/shop-banner-left-sidebar-col-3.html]
[maraviyainfotech.com/wrapbootstrap/masterkart-html/masterkart-html/assets/img/banner/7.jpg]
[maraviyainfotech.com/wrapbootstrap/masterkart-html/masterkart-html/shop-banner-left-sidebar-col-4.html]
[maraviyainfotech.com/wrapbootstrap/masterkart-html/masterkart-html/shop-banner-right-sidebar-col-3.html]
[maraviyainfotech.com/wrapbootstrap/masterkart-html/masterkart-html/shop-banner-right-sidebar-col-4.html]
[maraviyainfotech.com/wrapbootstrap/masterkart-html/masterkart-html/shop-banner-full-width.html]
[maraviyainfotech.com/wrapbootstrap/masterkart-html/masterkart-html/shop-full-width-col-3.html]
[maraviyainfotech.com/wrapbootstrap/masterkart-html/masterkart-html/shop-full-width-col-4.html]
[maraviyainfotech.com/wrapbootstrap/masterkart-html/masterkart-html/shop-full-width-col-5.html]
[maraviyainfotech.com/wrapbootstrap/masterkart-html/masterkart-html/shop-full-width-col-6.html]
[maraviyainfotech.com/wrapbootstrap/masterkart-html/masterkart-html/shop-banner-full-width-col-3.html]
[maraviyainfotech.com/wrapbootstrap/masterkart-html/masterkart-html/shop-list-left-sidebar.html]
[maraviyainfotech.com/wrapbootstrap/masterkart-html/masterkart-html/shop-list-right-sidebar.html]
[maraviyainfotech.com/wrapbootstrap/masterkart-html/masterkart-html/shop-list-banner-left-sidebar.html]
[maraviyainfotech.com/wrapbootstrap/masterkart-html/masterkart-html/shop-list-banner-right-sidebar.html]
[maraviyainfotech.com/wrapbootstrap/masterkart-html/masterkart-html/shop-list-full-col-2.html]
[maraviyainfotech.com/wrapbootstrap/masterkart-html/masterkart-html/assets/img/user/1.jpg]
[maraviyainfotech.com/wrapbootstrap/masterkart-html/masterkart-html/assets/img/user/2.jpg]
[maraviyainfotech.com/wrapbootstrap/masterkart-html/masterkart-html/product-left-sidebar.html]
[maraviyainfotech.com/wrapbootstrap/masterkart-html/masterkart-html/product-right-sidebar.html]
[maraviyainfotech.com/wrapbootstrap/masterkart-html/masterkart-html/product-full-width.html]
[maraviyainfotech.com/wrapbootstrap/masterkart-html/masterkart-html/blog-left-sidebar.html]
[maraviyainfotech.com/wrapbootstrap/masterkart-html/masterkart-html/blog-right-sidebar.html]
[maraviyainfotech.com/wrapbootstrap/masterkart-html/masterkart-html/blog-full-width.html]
[maraviyainfotech.com/wrapbootstrap/masterkart-html/masterkart-html/assets/img/news/7.jpg]
[maraviyainfotech.com/wrapbootstrap/masterkart-html/masterkart-html/blog-detail-left-sidebar.html]
[maraviyainfotech.com/wrapbootstrap/masterkart-html/masterkart-html/blog-detail-right-sidebar.html]
[maraviyainfotech.com/wrapbootstrap/masterkart-html/masterkart-html/blog-detail-full-width.html]
[maraviyainfotech.com/wrapbootstrap/masterkart-html/masterkart-html/assets/img/common/about.png]
[maraviyainfotech.com/wrapbootstrap/masterkart-html/masterkart-html/assets/img/icons/top-quotes.svg]
[maraviyainfotech.com/wrapbootstrap/masterkart-html/masterkart-html/assets/img/icons/bottom-quotes.svg]
[maraviyainfotech.com/wrapbootstrap/masterkart-html/masterkart-html/assets/img/user/3.jpg]
[maraviyainfotech.com/wrapbootstrap/masterkart-html/masterkart-html/assets/img/user/4.jpg]
[maraviyainfotech.com/wrapbootstrap/masterkart-html/masterkart-html/assets/img/user/5.jpg]
[maraviyainfotech.com/wrapbootstrap/masterkart-html/masterkart-html/assets/img/user/6.jpg]
[maraviyainfotech.com/wrapbootstrap/masterkart-html/masterkart-html/assets/img/user/7.jpg]
[maraviyainfotech.com/wrapbootstrap/masterkart-html/masterkart-html/about-us.html]
[maraviyainfotech.com/wrapbootstrap/masterkart-html/masterkart-html/contact-us.html]
[maraviyainfotech.com/wrapbootstrap/masterkart-html/masterkart-html/cart.html]
[maraviyainfotech.com/wrapbootstrap/masterkart-html/masterkart-html/compare.html]
[maraviyainfotech.com/wrapbootstrap/masterkart-html/masterkart-html/terms-condition.html]
[maraviyainfotech.com/wrapbootstrap/masterkart-html/masterkart-html/privacy-policy.html]
[maraviyainfotech.com/wrapbootstrap/masterkart-html/masterkart-html/assets/img/product-images/39_1.jpg]
[maraviyainfotech.com/wrapbootstrap/masterkart-html/masterkart-html/discover.html]
[maraviyainfotech.com/wrapbootstrap/masterkart-html/masterkart-html/assets/img/icons/discover.svg]
[maraviyainfotech.com/wrapbootstrap/masterkart-html/masterkart-html/assets/img/icons/location.svg]
[maraviyainfotech.com/wrapbootstrap/masterkart-html/masterkart-html/assets/img/icons/menu.svg]
[maraviyainfotech.com/wrapbootstrap/masterkart-html/masterkart-html/assets/img/icons/dress-8.svg]
[maraviyainfotech.com/wrapbootstrap/masterkart-html/masterkart-html/assets/img/icons/shoes-8.svg]
[maraviyainfotech.com/wrapbootstrap/masterkart-html/masterkart-html/assets/img/icons/jewelry-8.svg]
[maraviyainfotech.com/wrapbootstrap/masterkart-html/masterkart-html/assets/img/icons/perfume-8.svg]
[maraviyainfotech.com/wrapbootstrap/masterkart-html/masterkart-html/assets/img/icons/cosmetics-8.svg]
[maraviyainfotech.com/wrapbootstrap/masterkart-html/masterkart-html/assets/img/icons/glasses-8.svg]
[maraviyainfotech.com/wrapbootstrap/masterkart-html/masterkart-html/assets/img/icons/bag-8.svg]
[maraviyainfotech.com/wrapbootstrap/masterkart-html/masterkart-html/assets/img/icons/close.svg]
[maraviyainfotech.com/wrapbootstrap/masterkart-html/masterkart-html/assets/img/icons/cat-1.svg]
[maraviyainfotech.com/wrapbootstrap/masterkart-html/masterkart-html/assets/img/icons/cat-2.svg]
[maraviyainfotech.com/wrapbootstrap/masterkart-html/masterkart-html/assets/img/icons/cat-3.svg]
[maraviyainfotech.com/wrapbootstrap/masterkart-html/masterkart-html/assets/img/icons/cat-4.svg]
[maraviyainfotech.com/wrapbootstrap/masterkart-html/masterkart-html/assets/img/icons/cat-5.svg]
[maraviyainfotech.com/wrapbootstrap/masterkart-html/masterkart-html/assets/img/icons/cat-6.svg]
[maraviyainfotech.com/wrapbootstrap/masterkart-html/masterkart-html/assets/img/icons/cat-7.svg]
[maraviyainfotech.com/wrapbootstrap/masterkart-html/masterkart-html/assets/img/icons/cat-8.svg]
[maraviyainfotech.com/wrapbootstrap/masterkart-html/masterkart-html/assets/img/icons/cat-9.svg]
[maraviyainfotech.com/wrapbootstrap/masterkart-html/masterkart-html/assets/img/icons/pro_wishlist.svg]
[maraviyainfotech.com/wrapbootstrap/masterkart-html/masterkart-html/assets/img/icons/quickview.svg]
[maraviyainfotech.com/wrapbootstrap/masterkart-html/masterkart-html/assets/img/icons/compare.svg]
[maraviyainfotech.com/wrapbootstrap/masterkart-html/masterkart-html/multi-vendor.html]
[maraviyainfotech.com/wrapbootstrap/masterkart-html/masterkart-html/single-vendor.html]
[maraviyainfotech.com/wrapbootstrap/masterkart-html/masterkart-html/assets/img/icons/send.svg]
[maraviyainfotech.com/wrapbootstrap/masterkart-html/masterkart-html/assets/img/icons/foo-location.svg]
[maraviyainfotech.com/wrapbootstrap/masterkart-html/masterkart-html/assets/img/icons/foo-wp.svg]
[maraviyainfotech.com/wrapbootstrap/masterkart-html/masterkart-html/assets/img/icons/foo-mail.svg]
[maraviyainfotech.com/wrapbootstrap/masterkart-html/masterkart-html/assets/img/icons/setting.svg]
[maraviyainfotech.com/wrapbootstrap/masterkart-html/masterkart-html/assets/js/plugins/jquery-3.5.1.min.js]
[maraviyainfotech.com/wrapbootstrap/masterkart-html/masterkart-html/assets/js/plugins/popper.min.js]
[maraviyainfotech.com/wrapbootstrap/masterkart-html/masterkart-html/assets/js/plugins/bootstrap.bundle.min.js]
[maraviyainfotech.com/wrapbootstrap/masterkart-html/masterkart-html/assets/js/plugins/bootstrap-select.min.js]
[maraviyainfotech.com/wrapbootstrap/masterkart-html/masterkart-html/e.ef.delayed]
[maraviyainfotech.com/wrapbootstrap/masterkart-html/masterkart-html/this.params.url]
[maraviyainfotech.com/wrapbootstrap/masterkart-html/masterkart-html/assets/js/plugins/swiper-bundle.min.js]
[maraviyainfotech.com/wrapbootstrap/masterkart-html/masterkart-html/t]
[maraviyainfotech.com/wrapbootstrap/masterkart-html/masterkart-html/GET]
[maraviyainfotech.com/wrapbootstrap/masterkart-html/masterkart-html/assets/js/plugins/fontawesome.js]
[maraviyainfotech.com/wrapbootstrap/masterkart-html/masterkart-html/assets/js/plugins/owl.carousel.min.js]
[maraviyainfotech.com/wrapbootstrap/masterkart-html/masterkart-html/assets/js/plugins/countdownTimer.js]
[maraviyainfotech.com/wrapbootstrap/masterkart-html/masterkart-html/assets/js/plugins/infiniteslidev2.js]
[maraviyainfotech.com/wrapbootstrap/masterkart-html/masterkart-html/assets/js/plugins/jquery.zoom.min.js]
[maraviyainfotech.com/wrapbootstrap/masterkart-html/masterkart-html/assets/js/plugins/slick.min.js]
[maraviyainfotech.com/wrapbootstrap/masterkart-html/masterkart-html/assets/js/plugins/nouislider.js]
[maraviyainfotech.com/wrapbootstrap/masterkart-html/masterkart-html/wishlist.html]
[maraviyainfotech.com/wrapbootstrap/masterkart-html/masterkart-html/assets/js/main.js]
[maraviyainfotech.com/wrapbootstrap/masterkart-html/masterkart-html/assets/js/demo-1.js]
[maraviyainfotech.com/wrapbootstrap/masterkart-html/masterkart-html/assets/fonts/ms-icons/msicons3e6e.html]
[maraviyainfotech.com/wrapbootstrap/masterkart-html/masterkart-html/assets/fonts/msicons/msicons3e6e.svg]
[maraviyainfotech.com/wrapbootstrap/masterkart-html/masterkart-html/assets/css/plugins/owl.video.play.html]
[maraviyainfotech.com/wrapbootstrap/masterkart-html/masterkart-html/assets/img/icons/close-1.svg]
[maraviyainfotech.com/wrapbootstrap/masterkart-html/masterkart-html/assets/images/common/pro-loader.html]
[maraviyainfotech.com/wrapbootstrap/masterkart-html/masterkart-html/assets/img/hero-bg/6.html]
[maraviyainfotech.com/wrapbootstrap/masterkart-html/masterkart-html/assets/css/style.css]
[maraviyainfotech.com/wrapbootstrap/masterkart-html/masterkart-html/assets/img/icons/track-1.svg]
[maraviyainfotech.com/wrapbootstrap/masterkart-html/masterkart-html/assets/img/icons/track-2.svg]
[maraviyainfotech.com/wrapbootstrap/masterkart-html/masterkart-html/assets/img/icons/track-3.svg]
[maraviyainfotech.com/wrapbootstrap/masterkart-html/masterkart-html/assets/img/icons/track-4.svg]
[maraviyainfotech.com/wrapbootstrap/masterkart-html/masterkart-html/assets/img/icons/track-5.svg]
[maraviyainfotech.com/wrapbootstrap/masterkart-html/masterkart-html/assets/img/icons/grid.svg]
[maraviyainfotech.com/wrapbootstrap/masterkart-html/masterkart-html/assets/img/icons/list.svg]
[maraviyainfotech.com/wrapbootstrap/masterkart-html/masterkart-html/assets/img/icons/filter.svg]
[maraviyainfotech.com/wrapbootstrap/masterkart-html/masterkart-html/assets/img/icons/top-quotes.svg]
[maraviyainfotech.com/wrapbootstrap/masterkart-html/masterkart-html/assets/img/icons/bottom-quotes.svg]
[maraviyainfotech.com/wrapbootstrap/masterkart-html/masterkart-html/e.html]
[maraviyainfotech.com/wrapbootstrap/masterkart-html/masterkart-html/this.params.html]
[maraviyainfotech.com/wrapbootstrap/masterkart-html/masterkart-html/t.html]
[maraviyainfotech.com/wrapbootstrap/masterkart-html/masterkart-html/GET.html]
[maraviyainfotech.com/wrapbootstrap/masterkart-html/masterkart-html/wishlist.html]
